[0409/000140.062:ERROR:process_memory_win.cc(73)] ReadMemory at 0x7ff754f20000 of 64 bytes failed: Only part of a ReadProcessMemory or WriteProcessMemory request was completed. (0x12B)
[0409/000140.185:WARNING:pe_image_reader.cc(340)] could not read dos header from C:\Program Files (x86)\Google\Chrome\Application\chrome.exe
[0409/000140.185:ERROR:process_memory_win.cc(73)] ReadMemory at 0x7ffe65280000 of 64 bytes failed: Only part of a ReadProcessMemory or WriteProcessMemory request was completed. (0x12B)
[0409/000140.185:WARNING:pe_image_reader.cc(340)] could not read dos header from C:\WINDOWS\SYSTEM32\ntdll.dll
[0409/000140.185:ERROR:process_memory_win.cc(73)] ReadMemory at 0x7ffe64770000 of 64 bytes failed: Only part of a ReadProcessMemory or WriteProcessMemory request was completed. (0x12B)
[0409/000140.185:WARNING:pe_image_reader.cc(340)] could not read dos header from C:\WINDOWS\System32\KERNEL32.DLL
[0409/000140.185:ERROR:process_memory_win.cc(73)] ReadMemory at 0x7ffe62f90000 of 64 bytes failed: Only part of a ReadProcessMemory or WriteProcessMemory request was completed. (0x12B)
[0409/000140.185:WARNING:pe_image_reader.cc(340)] could not read dos header from C:\WINDOWS\System32\KERNELBASE.dll
[0409/000140.185:ERROR:process_memory_win.cc(73)] ReadMemory at 0x7ffe25fa0000 of 64 bytes failed: Only part of a ReadProcessMemory or WriteProcessMemory request was completed. (0x12B)
[0409/000140.185:WARNING:pe_image_reader.cc(340)] could not read dos header from C:\Program Files (x86)\Google\Chrome\Application\80.0.3987.163\chrome_elf.dll
[0409/000140.185:ERROR:process_memory_win.cc(73)] ReadMemory at 0x7ffe56e60000 of 64 bytes failed: Only part of a ReadProcessMemory or WriteProcessMemory request was completed. (0x12B)
[0409/000140.185:WARNING:pe_image_reader.cc(340)] could not read dos header from C:\WINDOWS\SYSTEM32\VERSION.dll
[0409/000140.185:ERROR:process_memory_win.cc(73)] ReadMemory at 0x7ffe64a60000 of 64 bytes failed: Only part of a ReadProcessMemory or WriteProcessMemory request was completed. (0x12B)
[0409/000140.185:WARNING:pe_image_reader.cc(340)] could not read dos header from C:\WINDOWS\System32\msvcrt.dll
[0409/000140.185:ERROR:process_memory_win.cc(73)] ReadMemory at 0x7ffe62210000 of 64 bytes failed: Only part of a ReadProcessMemory or WriteProcessMemory request was completed. (0x12B)
[0409/000140.185:WARNING:pe_image_reader.cc(340)] could not read dos header from C:\WINDOWS\System32\bcryptPrimitives.dll
[0409/000140.185:ERROR:process_memory_win.cc(73)] ReadMemory at 0x7ffe64cb0000 of 64 bytes failed: Only part of a ReadProcessMemory or WriteProcessMemory request was completed. (0x12B)
[0409/000140.185:WARNING:pe_image_reader.cc(340)] could not read dos header from C:\WINDOWS\System32\ADVAPI32.dll
[0409/000140.186:ERROR:process_memory_win.cc(73)] ReadMemory at 0x7ffe63920000 of 64 bytes failed: Only part of a ReadProcessMemory or WriteProcessMemory request was completed. (0x12B)
[0409/000140.186:WARNING:pe_image_reader.cc(340)] could not read dos header from C:\WINDOWS\System32\sechost.dll
[0409/000140.186:ERROR:process_memory_win.cc(73)] ReadMemory at 0x7ffe63790000 of 64 bytes failed: Only part of a ReadProcessMemory or WriteProcessMemory request was completed. (0x12B)
[0409/000140.186:WARNING:pe_image_reader.cc(340)] could not read dos header from C:\WINDOWS\System32\RPCRT4.dll
[0409/000140.186:ERROR:process_memory_win.cc(73)] ReadMemory at 0x7ffe107c0000 of 64 bytes failed: Only part of a ReadProcessMemory or WriteProcessMemory request was completed. (0x12B)
[0409/000140.186:WARNING:pe_image_reader.cc(340)] could not read dos header from C:\Program Files (x86)\Google\Chrome\Application\80.0.3987.163\chrome.dll
[0409/000140.186:ERROR:process_memory_win.cc(73)] ReadMemory at 0x7ffe63e30000 of 64 bytes failed: Only part of a ReadProcessMemory or WriteProcessMemory request was completed. (0x12B)
[0409/000140.186:WARNING:pe_image_reader.cc(340)] could not read dos header from C:\WINDOWS\System32\WS2_32.dll
[0409/000140.186:ERROR:process_memory_win.cc(73)] ReadMemory at 0x7ffe64990000 of 64 bytes failed: Only part of a ReadProcessMemory or WriteProcessMemory request was completed. (0x12B)
[0409/000140.186:WARNING:pe_image_reader.cc(340)] could not read dos header from C:\WINDOWS\System32\OLEAUT32.dll
[0409/000140.186:ERROR:process_memory_win.cc(73)] ReadMemory at 0x7ffe63240000 of 64 bytes failed: Only part of a ReadProcessMemory or WriteProcessMemory request was completed. (0x12B)
[0409/000140.186:WARNING:pe_image_reader.cc(340)] could not read dos header from C:\WINDOWS\System32\msvcp_win.dll
[0409/000140.186:ERROR:process_memory_win.cc(73)] ReadMemory at 0x7ffe62a10000 of 64 bytes failed: Only part of a ReadProcessMemory or WriteProcessMemory request was completed. (0x12B)
[0409/000140.186:WARNING:pe_image_reader.cc(340)] could not read dos header from C:\WINDOWS\System32\ucrtbase.dll
[0409/000140.186:ERROR:process_memory_win.cc(73)] ReadMemory at 0x7ffe64d60000 of 64 bytes failed: Only part of a ReadProcessMemory or WriteProcessMemory request was completed. (0x12B)
[0409/000140.186:WARNING:pe_image_reader.cc(340)] could not read dos header from C:\WINDOWS\System32\combase.dll
[0409/000140.186:ERROR:process_memory_win.cc(73)] ReadMemory at 0x7ffe62d00000 of 64 bytes failed: Only part of a ReadProcessMemory or WriteProcessMemory request was completed. (0x12B)
[0409/000140.187:WARNING:pe_image_reader.cc(340)] could not read dos header from C:\WINDOWS\System32\WINTRUST.dll
[0409/000140.187:ERROR:process_memory_win.cc(73)] ReadMemory at 0x7ffe621f0000 of 64 bytes failed: Only part of a ReadProcessMemory or WriteProcessMemory request was completed. (0x12B)
[0409/000140.187:WARNING:pe_image_reader.cc(340)] could not read dos header from C:\WINDOWS\System32\MSASN1.dll
[0409/000140.187:ERROR:process_memory_win.cc(73)] ReadMemory at 0x7ffe62d60000 of 64 bytes failed: Only part of a ReadProcessMemory or WriteProcessMemory request was completed. (0x12B)
[0409/000140.187:WARNING:pe_image_reader.cc(340)] could not read dos header from C:\WINDOWS\System32\CRYPT32.dll
[0409/000140.187:ERROR:process_memory_win.cc(73)] ReadMemory at 0x7ffe61660000 of 64 bytes failed: Only part of a ReadProcessMemory or WriteProcessMemory request was completed. (0x12B)
[0409/000140.187:WARNING:pe_image_reader.cc(340)] could not read dos header from C:\WINDOWS\SYSTEM32\IPHLPAPI.DLL
[0409/000140.187:ERROR:process_memory_win.cc(73)] ReadMemory at 0x7ffe5ef30000 of 64 bytes failed: Only part of a ReadProcessMemory or WriteProcessMemory request was completed. (0x12B)
[0409/000140.187:WARNING:pe_image_reader.cc(340)] could not read dos header from C:\WINDOWS\SYSTEM32\WINMM.dll
[0409/000140.187:ERROR:process_memory_win.cc(73)] ReadMemory at 0x7ffe50170000 of 64 bytes failed: Only part of a ReadProcessMemory or WriteProcessMemory request was completed. (0x12B)
[0409/000140.187:WARNING:pe_image_reader.cc(340)] could not read dos header from C:\WINDOWS\SYSTEM32\Secur32.dll
[0409/000140.187:ERROR:process_memory_win.cc(73)] ReadMemory at 0x7ffe62030000 of 64 bytes failed: Only part of a ReadProcessMemory or WriteProcessMemory request was completed. (0x12B)
[0409/000140.187:WARNING:pe_image_reader.cc(340)] could not read dos header from C:\WINDOWS\SYSTEM32\USERENV.dll
[0409/000140.187:ERROR:process_memory_win.cc(73)] ReadMemory at 0x7ffe621a0000 of 64 bytes failed: Only part of a ReadProcessMemory or WriteProcessMemory request was completed. (0x12B)
[0409/000140.187:WARNING:pe_image_reader.cc(340)] could not read dos header from C:\WINDOWS\System32\profapi.dll
[0409/000140.187:ERROR:process_memory_win.cc(73)] ReadMemory at 0x7ffe3ddb0000 of 64 bytes failed: Only part of a ReadProcessMemory or WriteProcessMemory request was completed. (0x12B)
[0409/000140.187:WARNING:pe_image_reader.cc(340)] could not read dos header from C:\WINDOWS\SYSTEM32\UIAutomationCore.DLL
[0409/000140.187:ERROR:process_memory_win.cc(73)] ReadMemory at 0x7ffe50b70000 of 64 bytes failed: Only part of a ReadProcessMemory or WriteProcessMemory request was completed. (0x12B)
[0409/000140.187:WARNING:pe_image_reader.cc(340)] could not read dos header from C:\WINDOWS\SYSTEM32\DWrite.dll
[0409/000140.188:ERROR:process_memory_win.cc(73)] ReadMemory at 0x7ffe58d60000 of 64 bytes failed: Only part of a ReadProcessMemory or WriteProcessMemory request was completed. (0x12B)
[0409/000140.188:WARNING:pe_image_reader.cc(340)] could not read dos header from C:\WINDOWS\SYSTEM32\WINSPOOL.DRV
[0409/000140.188:ERROR:process_memory_win.cc(73)] ReadMemory at 0x7ffe621d0000 of 64 bytes failed: Only part of a ReadProcessMemory or WriteProcessMemory request was completed. (0x12B)
[0409/000140.188:WARNING:pe_image_reader.cc(340)] could not read dos header from C:\WINDOWS\System32\kernel.appcore.dll
[0409/000140.188:ERROR:process_memory_win.cc(73)] ReadMemory at 0x7ffe632e0000 of 64 bytes failed: Only part of a ReadProcessMemory or WriteProcessMemory request was completed. (0x12B)
[0409/000140.188:WARNING:pe_image_reader.cc(340)] could not read dos header from C:\WINDOWS\System32\bcrypt.dll
[0409/000140.188:ERROR:process_memory_win.cc(73)] ReadMemory at 0x7ffe50240000 of 64 bytes failed: Only part of a ReadProcessMemory or WriteProcessMemory request was completed. (0x12B)
[0409/000140.188:WARNING:pe_image_reader.cc(340)] could not read dos header from C:\WINDOWS\SYSTEM32\dbghelp.dll
[0409/000140.188:ERROR:process_memory_win.cc(73)] ReadMemory at 0x7ffe5cd20000 of 64 bytes failed: Only part of a ReadProcessMemory or WriteProcessMemory request was completed. (0x12B)
[0409/000140.188:WARNING:pe_image_reader.cc(340)] could not read dos header from C:\WINDOWS\SYSTEM32\WINHTTP.dll
[0409/000140.188:ERROR:process_memory_win.cc(73)] ReadMemory at 0x7ffe5b970000 of 64 bytes failed: Only part of a ReadProcessMemory or WriteProcessMemory request was completed. (0x12B)
[0409/000140.188:WARNING:pe_image_reader.cc(340)] could not read dos header from C:\WINDOWS\SYSTEM32\dhcpcsvc.DLL
[0409/000140.188:ERROR:process_memory_win.cc(73)] ReadMemory at 0x7ffe63330000 of 64 bytes failed: Only part of a ReadProcessMemory or WriteProcessMemory request was completed. (0x12B)
[0409/000140.188:WARNING:pe_image_reader.cc(340)] could not read dos header from C:\WINDOWS\System32\NSI.dll
[0409/000140.188:ERROR:process_memory_win.cc(73)] ReadMemory at 0x7ffe5ef00000 of 64 bytes failed: Only part of a ReadProcessMemory or WriteProcessMemory request was completed. (0x12B)
[0409/000140.188:WARNING:pe_image_reader.cc(340)] could not read dos header from C:\WINDOWS\SYSTEM32\WINMMBASE.dll
[0409/000140.188:ERROR:process_memory_win.cc(73)] ReadMemory at 0x7ffe62b10000 of 64 bytes failed: Only part of a ReadProcessMemory or WriteProcessMemory request was completed. (0x12B)
[0409/000140.188:WARNING:pe_image_reader.cc(340)] could not read dos header from C:\WINDOWS\System32\cfgmgr32.dll
[0409/000140.188:ERROR:process_memory_win.cc(73)] ReadMemory at 0x7ffe5ec30000 of 64 bytes failed: Only part of a ReadProcessMemory or WriteProcessMemory request was completed. (0x12B)
[0409/000140.189:WARNING:pe_image_reader.cc(340)] could not read dos header from C:\WINDOWS\SYSTEM32\PROPSYS.dll
[0409/000140.189:ERROR:process_memory_win.cc(73)] ReadMemory at 0x1fe73c70000 of 64 bytes failed: Only part of a ReadProcessMemory or WriteProcessMemory request was completed. (0x12B)
[0409/000140.189:WARNING:pe_image_reader.cc(340)] could not read dos header from C:\WINDOWS\System32\shcore.dll
[0409/000140.189:ERROR:process_memory_win.cc(73)] ReadMemory at 0x7ffe62060000 of 64 bytes failed: Only part of a ReadProcessMemory or WriteProcessMemory request was completed. (0x12B)
[0409/000140.189:WARNING:pe_image_reader.cc(340)] could not read dos header from C:\WINDOWS\SYSTEM32\SSPICLI.DLL
[0409/000140.189:ERROR:process_memory_win.cc(73)] ReadMemory at 0x7ffe61b20000 of 64 bytes failed: Only part of a ReadProcessMemory or WriteProcessMemory request was completed. (0x12B)
[0409/000140.189:WARNING:pe_image_reader.cc(340)] could not read dos header from C:\WINDOWS\SYSTEM32\CRYPTBASE.DLL
[0409/000140.189:ERROR:process_memory_win.cc(73)] ReadMemory at 0x7ff754f20000 of 64 bytes failed: Only part of a ReadProcessMemory or WriteProcessMemory request was completed. (0x12B)
[0409/000140.189:WARNING:pe_image_reader.cc(340)] could not read dos header from C:\Program Files (x86)\Google\Chrome\Application\chrome.exe
[0409/000140.189:ERROR:process_memory_win.cc(73)] ReadMemory at 0x7ffe65280000 of 64 bytes failed: Only part of a ReadProcessMemory or WriteProcessMemory request was completed. (0x12B)
[0409/000140.189:WARNING:pe_image_reader.cc(340)] could not read dos header from C:\WINDOWS\SYSTEM32\ntdll.dll
[0409/000140.189:ERROR:process_memory_win.cc(73)] ReadMemory at 0x7ffe64770000 of 64 bytes failed: Only part of a ReadProcessMemory or WriteProcessMemory request was completed. (0x12B)
[0409/000140.189:WARNING:pe_image_reader.cc(340)] could not read dos header from C:\WINDOWS\System32\KERNEL32.DLL
[0409/000140.189:ERROR:process_memory_win.cc(73)] ReadMemory at 0x7ffe62f90000 of 64 bytes failed: Only part of a ReadProcessMemory or WriteProcessMemory request was completed. (0x12B)
[0409/000140.189:WARNING:pe_image_reader.cc(340)] could not read dos header from C:\WINDOWS\System32\KERNELBASE.dll
[0409/000140.189:ERROR:process_memory_win.cc(73)] ReadMemory at 0x7ffe25fa0000 of 64 bytes failed: Only part of a ReadProcessMemory or WriteProcessMemory request was completed. (0x12B)
[0409/000140.189:WARNING:pe_image_reader.cc(340)] could not read dos header from C:\Program Files (x86)\Google\Chrome\Application\80.0.3987.163\chrome_elf.dll
[0409/000140.190:ERROR:process_memory_win.cc(73)] ReadMemory at 0x7ffe56e60000 of 64 bytes failed: Only part of a ReadProcessMemory or WriteProcessMemory request was completed. (0x12B)
[0409/000140.190:WARNING:pe_image_reader.cc(340)] could not read dos header from C:\WINDOWS\SYSTEM32\VERSION.dll
[0409/000140.190:ERROR:process_memory_win.cc(73)] ReadMemory at 0x7ffe64a60000 of 64 bytes failed: Only part of a ReadProcessMemory or WriteProcessMemory request was completed. (0x12B)
[0409/000140.190:WARNING:pe_image_reader.cc(340)] could not read dos header from C:\WINDOWS\System32\msvcrt.dll
[0409/000140.190:ERROR:process_memory_win.cc(73)] ReadMemory at 0x7ffe62210000 of 64 bytes failed: Only part of a ReadProcessMemory or WriteProcessMemory request was completed. (0x12B)
[0409/000140.190:WARNING:pe_image_reader.cc(340)] could not read dos header from C:\WINDOWS\System32\bcryptPrimitives.dll
[0409/000140.190:ERROR:process_memory_win.cc(73)] ReadMemory at 0x7ffe64cb0000 of 64 bytes failed: Only part of a ReadProcessMemory or WriteProcessMemory request was completed. (0x12B)
[0409/000140.190:WARNING:pe_image_reader.cc(340)] could not read dos header from C:\WINDOWS\System32\ADVAPI32.dll
[0409/000140.190:ERROR:process_memory_win.cc(73)] ReadMemory at 0x7ffe63920000 of 64 bytes failed: Only part of a ReadProcessMemory or WriteProcessMemory request was completed. (0x12B)
[0409/000140.190:WARNING:pe_image_reader.cc(340)] could not read dos header from C:\WINDOWS\System32\sechost.dll
[0409/000140.190:ERROR:process_memory_win.cc(73)] ReadMemory at 0x7ffe63790000 of 64 bytes failed: Only part of a ReadProcessMemory or WriteProcessMemory request was completed. (0x12B)
[0409/000140.190:WARNING:pe_image_reader.cc(340)] could not read dos header from C:\WINDOWS\System32\RPCRT4.dll
[0409/000140.190:ERROR:process_memory_win.cc(73)] ReadMemory at 0x7ffe107c0000 of 64 bytes failed: Only part of a ReadProcessMemory or WriteProcessMemory request was completed. (0x12B)
[0409/000140.190:WARNING:pe_image_reader.cc(340)] could not read dos header from C:\Program Files (x86)\Google\Chrome\Application\80.0.3987.163\chrome.dll
[0409/000140.190:ERROR:process_memory_win.cc(73)] ReadMemory at 0x7ffe63e30000 of 64 bytes failed: Only part of a ReadProcessMemory or WriteProcessMemory request was completed. (0x12B)
[0409/000140.190:WARNING:pe_image_reader.cc(340)] could not read dos header from C:\WINDOWS\System32\WS2_32.dll
[0409/000140.190:ERROR:process_memory_win.cc(73)] ReadMemory at 0x7ffe64990000 of 64 bytes failed: Only part of a ReadProcessMemory or WriteProcessMemory request was completed. (0x12B)
[0409/000140.190:WARNING:pe_image_reader.cc(340)] could not read dos header from C:\WINDOWS\System32\OLEAUT32.dll
[0409/000140.190:ERROR:process_memory_win.cc(73)] ReadMemory at 0x7ffe63240000 of 64 bytes failed: Only part of a ReadProcessMemory or WriteProcessMemory request was completed. (0x12B)
[0409/000140.191:WARNING:pe_image_reader.cc(340)] could not read dos header from C:\WINDOWS\System32\msvcp_win.dll
[0409/000140.191:ERROR:process_memory_win.cc(73)] ReadMemory at 0x7ffe62a10000 of 64 bytes failed: Only part of a ReadProcessMemory or WriteProcessMemory request was completed. (0x12B)
[0409/000140.191:WARNING:pe_image_reader.cc(340)] could not read dos header from C:\WINDOWS\System32\ucrtbase.dll
[0409/000140.191:ERROR:process_memory_win.cc(73)] ReadMemory at 0x7ffe64d60000 of 64 bytes failed: Only part of a ReadProcessMemory or WriteProcessMemory request was completed. (0x12B)
[0409/000140.191:WARNING:pe_image_reader.cc(340)] could not read dos header from C:\WINDOWS\System32\combase.dll
[0409/000140.191:ERROR:process_memory_win.cc(73)] ReadMemory at 0x7ffe62d00000 of 64 bytes failed: Only part of a ReadProcessMemory or WriteProcessMemory request was completed. (0x12B)
[0409/000140.191:WARNING:pe_image_reader.cc(340)] could not read dos header from C:\WINDOWS\System32\WINTRUST.dll
[0409/000140.191:ERROR:process_memory_win.cc(73)] ReadMemory at 0x7ffe621f0000 of 64 bytes failed: Only part of a ReadProcessMemory or WriteProcessMemory request was completed. (0x12B)
[0409/000140.191:WARNING:pe_image_reader.cc(340)] could not read dos header from C:\WINDOWS\System32\MSASN1.dll
[0409/000140.191:ERROR:process_memory_win.cc(73)] ReadMemory at 0x7ffe62d60000 of 64 bytes failed: Only part of a ReadProcessMemory or WriteProcessMemory request was completed. (0x12B)
[0409/000140.191:WARNING:pe_image_reader.cc(340)] could not read dos header from C:\WINDOWS\System32\CRYPT32.dll
[0409/000140.191:ERROR:process_memory_win.cc(73)] ReadMemory at 0x7ffe61660000 of 64 bytes failed: Only part of a ReadProcessMemory or WriteProcessMemory request was completed. (0x12B)
[0409/000140.191:WARNING:pe_image_reader.cc(340)] could not read dos header from C:\WINDOWS\SYSTEM32\IPHLPAPI.DLL
[0409/000140.191:ERROR:process_memory_win.cc(73)] ReadMemory at 0x7ffe5ef30000 of 64 bytes failed: Only part of a ReadProcessMemory or WriteProcessMemory request was completed. (0x12B)
[0409/000140.191:WARNING:pe_image_reader.cc(340)] could not read dos header from C:\WINDOWS\SYSTEM32\WINMM.dll
[0409/000140.191:ERROR:process_memory_win.cc(73)] ReadMemory at 0x7ffe50170000 of 64 bytes failed: Only part of a ReadProcessMemory or WriteProcessMemory request was completed. (0x12B)
[0409/000140.191:WARNING:pe_image_reader.cc(340)] could not read dos header from C:\WINDOWS\SYSTEM32\Secur32.dll
[0409/000140.191:ERROR:process_memory_win.cc(73)] ReadMemory at 0x7ffe62030000 of 64 bytes failed: Only part of a ReadProcessMemory or WriteProcessMemory request was completed. (0x12B)
[0409/000140.191:WARNING:pe_image_reader.cc(340)] could not read dos header from C:\WINDOWS\SYSTEM32\USERENV.dll
[0409/000140.192:ERROR:process_memory_win.cc(73)] ReadMemory at 0x7ffe621a0000 of 64 bytes failed: Only part of a ReadProcessMemory or WriteProcessMemory request was completed. (0x12B)
[0409/000140.192:WARNING:pe_image_reader.cc(340)] could not read dos header from C:\WINDOWS\System32\profapi.dll
[0409/000140.192:ERROR:process_memory_win.cc(73)] ReadMemory at 0x7ffe3ddb0000 of 64 bytes failed: Only part of a ReadProcessMemory or WriteProcessMemory request was completed. (0x12B)
[0409/000140.192:WARNING:pe_image_reader.cc(340)] could not read dos header from C:\WINDOWS\SYSTEM32\UIAutomationCore.DLL
[0409/000140.192:ERROR:process_memory_win.cc(73)] ReadMemory at 0x7ffe50b70000 of 64 bytes failed: Only part of a ReadProcessMemory or WriteProcessMemory request was completed. (0x12B)
[0409/000140.192:WARNING:pe_image_reader.cc(340)] could not read dos header from C:\WINDOWS\SYSTEM32\DWrite.dll
[0409/000140.192:ERROR:process_memory_win.cc(73)] ReadMemory at 0x7ffe58d60000 of 64 bytes failed: Only part of a ReadProcessMemory or WriteProcessMemory request was completed. (0x12B)
[0409/000140.192:WARNING:pe_image_reader.cc(340)] could not read dos header from C:\WINDOWS\SYSTEM32\WINSPOOL.DRV
[0409/000140.192:ERROR:process_memory_win.cc(73)] ReadMemory at 0x7ffe621d0000 of 64 bytes failed: Only part of a ReadProcessMemory or WriteProcessMemory request was completed. (0x12B)
[0409/000140.192:WARNING:pe_image_reader.cc(340)] could not read dos header from C:\WINDOWS\System32\kernel.appcore.dll
[0409/000140.192:ERROR:process_memory_win.cc(73)] ReadMemory at 0x7ffe632e0000 of 64 bytes failed: Only part of a ReadProcessMemory or WriteProcessMemory request was completed. (0x12B)
[0409/000140.192:WARNING:pe_image_reader.cc(340)] could not read dos header from C:\WINDOWS\System32\bcrypt.dll
[0409/000140.192:ERROR:process_memory_win.cc(73)] ReadMemory at 0x7ffe50240000 of 64 bytes failed: Only part of a ReadProcessMemory or WriteProcessMemory request was completed. (0x12B)
[0409/000140.192:WARNING:pe_image_reader.cc(340)] could not read dos header from C:\WINDOWS\SYSTEM32\dbghelp.dll
[0409/000140.192:ERROR:process_memory_win.cc(73)] ReadMemory at 0x7ffe5cd20000 of 64 bytes failed: Only part of a ReadProcessMemory or WriteProcessMemory request was completed. (0x12B)
[0409/000140.192:WARNING:pe_image_reader.cc(340)] could not read dos header from C:\WINDOWS\SYSTEM32\WINHTTP.dll
[0409/000140.192:ERROR:process_memory_win.cc(73)] ReadMemory at 0x7ffe5b970000 of 64 bytes failed: Only part of a ReadProcessMemory or WriteProcessMemory request was completed. (0x12B)
[0409/000140.192:WARNING:pe_image_reader.cc(340)] could not read dos header from C:\WINDOWS\SYSTEM32\dhcpcsvc.DLL
[0409/000140.192:ERROR:process_memory_win.cc(73)] ReadMemory at 0x7ffe63330000 of 64 bytes failed: Only part of a ReadProcessMemory or WriteProcessMemory request was completed. (0x12B)
[0409/000140.193:WARNING:pe_image_reader.cc(340)] could not read dos header from C:\WINDOWS\System32\NSI.dll
[0409/000140.193:ERROR:process_memory_win.cc(73)] ReadMemory at 0x7ffe5ef00000 of 64 bytes failed: Only part of a ReadProcessMemory or WriteProcessMemory request was completed. (0x12B)
[0409/000140.193:WARNING:pe_image_reader.cc(340)] could not read dos header from C:\WINDOWS\SYSTEM32\WINMMBASE.dll
[0409/000140.193:ERROR:process_memory_win.cc(73)] ReadMemory at 0x7ffe62b10000 of 64 bytes failed: Only part of a ReadProcessMemory or WriteProcessMemory request was completed. (0x12B)
[0409/000140.193:WARNING:pe_image_reader.cc(340)] could not read dos header from C:\WINDOWS\System32\cfgmgr32.dll
[0409/000140.193:ERROR:process_memory_win.cc(73)] ReadMemory at 0x7ffe5ec30000 of 64 bytes failed: Only part of a ReadProcessMemory or WriteProcessMemory request was completed. (0x12B)
[0409/000140.193:WARNING:pe_image_reader.cc(340)] could not read dos header from C:\WINDOWS\SYSTEM32\PROPSYS.dll
[0409/000140.193:ERROR:process_memory_win.cc(73)] ReadMemory at 0x1fe73c70000 of 64 bytes failed: Only part of a ReadProcessMemory or WriteProcessMemory request was completed. (0x12B)
[0409/000140.193:WARNING:pe_image_reader.cc(340)] could not read dos header from C:\WINDOWS\System32\shcore.dll
[0409/000140.193:ERROR:process_memory_win.cc(73)] ReadMemory at 0x7ffe62060000 of 64 bytes failed: Only part of a ReadProcessMemory or WriteProcessMemory request was completed. (0x12B)
[0409/000140.193:WARNING:pe_image_reader.cc(340)] could not read dos header from C:\WINDOWS\SYSTEM32\SSPICLI.DLL
[0409/000140.193:ERROR:process_memory_win.cc(73)] ReadMemory at 0x7ffe61b20000 of 64 bytes failed: Only part of a ReadProcessMemory or WriteProcessMemory request was completed. (0x12B)
[0409/000140.193:WARNING:pe_image_reader.cc(340)] could not read dos header from C:\WINDOWS\SYSTEM32\CRYPTBASE.DLL
[0409/000140.206:ERROR:process_memory_win.cc(73)] ReadMemory at 0xe3fdff9000 of 28672 bytes failed: Only part of a ReadProcessMemory or WriteProcessMemory request was completed. (0x12B)
[0409/000140.206:ERROR:process_memory_win.cc(73)] ReadMemory at 0xe3fe7fd000 of 12288 bytes failed: Only part of a ReadProcessMemory or WriteProcessMemory request was completed. (0x12B)
[0409/000140.206:ERROR:process_memory_win.cc(73)] ReadMemory at 0xe3feffd000 of 12288 bytes failed: Only part of a ReadProcessMemory or WriteProcessMemory request was completed. (0x12B)
[0409/000140.207:ERROR:process_memory_win.cc(73)] ReadMemory at 0xe3ff7fc000 of 16384 bytes failed: Only part of a ReadProcessMemory or WriteProcessMemory request was completed. (0x12B)
[0409/000140.207:ERROR:process_memory_win.cc(73)] ReadMemory at 0xe3ffffb000 of 20480 bytes failed: Only part of a ReadProcessMemory or WriteProcessMemory request was completed. (0x12B)
[0409/000140.207:ERROR:process_memory_win.cc(73)] ReadMemory at 0xe3807fe000 of 8192 bytes failed: Only part of a ReadProcessMemory or WriteProcessMemory request was completed. (0x12B)
[0409/000140.207:ERROR:process_memory_win.cc(73)] ReadMemory at 0xe380ffd000 of 12288 bytes failed: Only part of a ReadProcessMemory or WriteProcessMemory request was completed. (0x12B)
[0409/000140.207:ERROR:process_memory_win.cc(73)] ReadMemory at 0xe3817fd000 of 12288 bytes failed: Only part of a ReadProcessMemory or WriteProcessMemory request was completed. (0x12B)
[0409/000140.208:ERROR:process_memory_win.cc(73)] ReadMemory at 0xe381ffd000 of 12288 bytes failed: Only part of a ReadProcessMemory or WriteProcessMemory request was completed. (0x12B)
[0409/000140.208:ERROR:process_memory_win.cc(73)] ReadMemory at 0xe3827fd000 of 12288 bytes failed: Only part of a ReadProcessMemory or WriteProcessMemory request was completed. (0x12B)
[0409/000140.208:ERROR:process_memory_win.cc(73)] ReadMemory at 0xe382ffd000 of 12288 bytes failed: Only part of a ReadProcessMemory or WriteProcessMemory request was completed. (0x12B)
[0409/000140.208:ERROR:process_memory_win.cc(73)] ReadMemory at 0xe3837fd000 of 12288 bytes failed: Only part of a ReadProcessMemory or WriteProcessMemory request was completed. (0x12B)
[0409/000140.208:ERROR:process_memory_win.cc(73)] ReadMemory at 0xe383ffd000 of 12288 bytes failed: Only part of a ReadProcessMemory or WriteProcessMemory request was completed. (0x12B)
[0409/000140.208:ERROR:process_memory_win.cc(73)] ReadMemory at 0xe3847fd000 of 12288 bytes failed: Only part of a ReadProcessMemory or WriteProcessMemory request was completed. (0x12B)
[0409/000140.209:ERROR:process_memory_win.cc(73)] ReadMemory at 0xe3fd74c000 of 852 bytes failed: Only part of a ReadProcessMemory or WriteProcessMemory request was completed. (0x12B)
[0409/000140.209:ERROR:process_memory_win.cc(73)] ReadMemory at 0xe3fd74d000 of 6024 bytes failed: Only part of a ReadProcessMemory or WriteProcessMemory request was completed. (0x12B)
[0409/000140.209:ERROR:process_memory_win.cc(73)] ReadMemory at 0xe3fd74f000 of 6024 bytes failed: Only part of a ReadProcessMemory or WriteProcessMemory request was completed. (0x12B)
[0409/000140.209:ERROR:process_memory_win.cc(73)] ReadMemory at 0xe3fd751000 of 6024 bytes failed: Only part of a ReadProcessMemory or WriteProcessMemory request was completed. (0x12B)
[0409/000140.209:ERROR:process_memory_win.cc(73)] ReadMemory at 0xe3fd753000 of 6024 bytes failed: Only part of a ReadProcessMemory or WriteProcessMemory request was completed. (0x12B)
[0409/000140.209:ERROR:process_memory_win.cc(73)] ReadMemory at 0xe3fd755000 of 6024 bytes failed: Only part of a ReadProcessMemory or WriteProcessMemory request was completed. (0x12B)
[0409/000140.210:ERROR:process_memory_win.cc(73)] ReadMemory at 0xe3fd757000 of 6024 bytes failed: Only part of a ReadProcessMemory or WriteProcessMemory request was completed. (0x12B)
[0409/000140.210:ERROR:process_memory_win.cc(73)] ReadMemory at 0xe3fd759000 of 6024 bytes failed: Only part of a ReadProcessMemory or WriteProcessMemory request was completed. (0x12B)
[0409/000140.210:ERROR:process_memory_win.cc(73)] ReadMemory at 0xe3fd75b000 of 6024 bytes failed: Only part of a ReadProcessMemory or WriteProcessMemory request was completed. (0x12B)
[0409/000140.210:ERROR:process_memory_win.cc(73)] ReadMemory at 0xe3fd75d000 of 6024 bytes failed: Only part of a ReadProcessMemory or WriteProcessMemory request was completed. (0x12B)
[0409/000140.210:ERROR:process_memory_win.cc(73)] ReadMemory at 0xe3fd75f000 of 6024 bytes failed: Only part of a ReadProcessMemory or WriteProcessMemory request was completed. (0x12B)
[0409/000140.210:ERROR:process_memory_win.cc(73)] ReadMemory at 0xe3fd761000 of 6024 bytes failed: Only part of a ReadProcessMemory or WriteProcessMemory request was completed. (0x12B)
[0409/000140.210:ERROR:process_memory_win.cc(73)] ReadMemory at 0xe3fd763000 of 6024 bytes failed: Only part of a ReadProcessMemory or WriteProcessMemory request was completed. (0x12B)
[0409/000140.210:ERROR:process_memory_win.cc(73)] ReadMemory at 0xe3fd765000 of 6024 bytes failed: Only part of a ReadProcessMemory or WriteProcessMemory request was completed. (0x12B)
[0409/000140.211:ERROR:process_memory_win.cc(73)] ReadMemory at 0xe3fd767000 of 6024 bytes failed: Only part of a ReadProcessMemory or WriteProcessMemory request was completed. (0x12B)
[0409/000140.211:ERROR:process_memory_win.cc(73)] ReadMemory at 0x1fe738c10c0 of 512 bytes failed: Only part of a ReadProcessMemory or WriteProcessMemory request was completed. (0x12B)
[0409/000140.211:ERROR:process_memory_win.cc(73)] ReadMemory at 0x1fe738c2380 of 512 bytes failed: Only part of a ReadProcessMemory or WriteProcessMemory request was completed. (0x12B)
[0409/000140.211:ERROR:process_memory_win.cc(73)] ReadMemory at 0x1fe73910750 of 80 bytes failed: Only part of a ReadProcessMemory or WriteProcessMemory request was completed. (0x12B)
[0409/000140.211:ERROR:process_memory_win.cc(73)] ReadMemory at 0x1fe73910fe0 of 15104 bytes failed: Only part of a ReadProcessMemory or WriteProcessMemory request was completed. (0x12B)
[0409/000140.211:ERROR:process_memory_win.cc(73)] ReadMemory at 0x1fe73914af0 of 1012 bytes failed: Only part of a ReadProcessMemory or WriteProcessMemory request was completed. (0x12B)
[0409/000140.211:ERROR:process_memory_win.cc(73)] ReadMemory at 0x1fe73915138 of 118 bytes failed: Only part of a ReadProcessMemory or WriteProcessMemory request was completed. (0x12B)
[0409/000140.211:ERROR:process_memory_win.cc(73)] ReadMemory at 0x1fe739151b0 of 754 bytes failed: Only part of a ReadProcessMemory or WriteProcessMemory request was completed. (0x12B)
[0409/000140.211:ERROR:process_memory_win.cc(73)] ReadMemory at 0x1fe739154a4 of 118 bytes failed: Only part of a ReadProcessMemory or WriteProcessMemory request was completed. (0x12B)
[0409/000140.212:ERROR:process_memory_win.cc(73)] ReadMemory at 0x1fe7391551c of 98 bytes failed: Only part of a ReadProcessMemory or WriteProcessMemory request was completed. (0x12B)
[0409/000140.212:ERROR:process_memory_win.cc(73)] ReadMemory at 0x1fe73915590 of 58 bytes failed: Only part of a ReadProcessMemory or WriteProcessMemory request was completed. (0x12B)
[0409/000140.212:ERROR:process_memory_win.cc(73)] ReadMemory at 0x1fe73915690 of 132 bytes failed: Only part of a ReadProcessMemory or WriteProcessMemory request was completed. (0x12B)
[0409/000140.212:ERROR:process_memory_win.cc(73)] ReadMemory at 0x1fe73915820 of 132 bytes failed: Only part of a ReadProcessMemory or WriteProcessMemory request was completed. (0x12B)
[0409/000140.212:ERROR:process_memory_win.cc(73)] ReadMemory at 0x1fe739159e0 of 126 bytes failed: Only part of a ReadProcessMemory or WriteProcessMemory request was completed. (0x12B)
[0409/000140.212:ERROR:process_memory_win.cc(73)] ReadMemory at 0x1fe73915dc0 of 132 bytes failed: Only part of a ReadProcessMemory or WriteProcessMemory request was completed. (0x12B)
[0409/000140.212:ERROR:process_memory_win.cc(73)] ReadMemory at 0x1fe73915f50 of 64 bytes failed: Only part of a ReadProcessMemory or WriteProcessMemory request was completed. (0x12B)
[0409/000140.212:ERROR:process_memory_win.cc(73)] ReadMemory at 0x1fe73915fa0 of 132 bytes failed: Only part of a ReadProcessMemory or WriteProcessMemory request was completed. (0x12B)
[0409/000140.213:ERROR:process_memory_win.cc(73)] ReadMemory at 0x1fe73916110 of 132 bytes failed: Only part of a ReadProcessMemory or WriteProcessMemory request was completed. (0x12B)
[0409/000140.213:ERROR:process_memory_win.cc(73)] ReadMemory at 0x1fe739163b0 of 132 bytes failed: Only part of a ReadProcessMemory or WriteProcessMemory request was completed. (0x12B)
[0409/000140.213:ERROR:process_memory_win.cc(73)] ReadMemory at 0x1fe73916540 of 68 bytes failed: Only part of a ReadProcessMemory or WriteProcessMemory request was completed. (0x12B)
[0409/000140.213:ERROR:process_memory_win.cc(73)] ReadMemory at 0x1fe73917540 of 146 bytes failed: Only part of a ReadProcessMemory or WriteProcessMemory request was completed. (0x12B)
[0409/000140.213:ERROR:process_memory_win.cc(73)] ReadMemory at 0x1fe73917620 of 132 bytes failed: Only part of a ReadProcessMemory or WriteProcessMemory request was completed. (0x12B)
[0409/000140.213:ERROR:process_memory_win.cc(73)] ReadMemory at 0x1fe739177b0 of 154 bytes failed: Only part of a ReadProcessMemory or WriteProcessMemory request was completed. (0x12B)
[0409/000140.213:ERROR:process_memory_win.cc(73)] ReadMemory at 0x1fe739184f0 of 62 bytes failed: Only part of a ReadProcessMemory or WriteProcessMemory request was completed. (0x12B)
[0409/000140.213:ERROR:process_memory_win.cc(73)] ReadMemory at 0x1fe73918650 of 132 bytes failed: Only part of a ReadProcessMemory or WriteProcessMemory request was completed. (0x12B)
[0409/000140.213:ERROR:process_memory_win.cc(73)] ReadMemory at 0x1fe739187e0 of 60 bytes failed: Only part of a ReadProcessMemory or WriteProcessMemory request was completed. (0x12B)
[0409/000140.213:ERROR:process_memory_win.cc(73)] ReadMemory at 0x1fe7391a1c0 of 132 bytes failed: Only part of a ReadProcessMemory or WriteProcessMemory request was completed. (0x12B)
[0409/000140.214:ERROR:process_memory_win.cc(73)] ReadMemory at 0x1fe7391d1b0 of 60 bytes failed: Only part of a ReadProcessMemory or WriteProcessMemory request was completed. (0x12B)
[0409/000140.214:ERROR:process_memory_win.cc(73)] ReadMemory at 0x1fe7391d200 of 64 bytes failed: Only part of a ReadProcessMemory or WriteProcessMemory request was completed. (0x12B)
[0409/000140.214:ERROR:process_memory_win.cc(73)] ReadMemory at 0x1fe7391d250 of 60 bytes failed: Only part of a ReadProcessMemory or WriteProcessMemory request was completed. (0x12B)
[0409/000140.214:ERROR:process_memory_win.cc(73)] ReadMemory at 0x1fe7391d340 of 62 bytes failed: Only part of a ReadProcessMemory or WriteProcessMemory request was completed. (0x12B)
[0409/000140.214:ERROR:process_memory_win.cc(73)] ReadMemory at 0x1fe7391d4d0 of 66 bytes failed: Only part of a ReadProcessMemory or WriteProcessMemory request was completed. (0x12B)
[0409/000140.214:ERROR:process_memory_win.cc(73)] ReadMemory at 0x1fe7391d520 of 64 bytes failed: Only part of a ReadProcessMemory or WriteProcessMemory request was completed. (0x12B)
[0409/000140.214:ERROR:process_memory_win.cc(73)] ReadMemory at 0x1fe7391d570 of 62 bytes failed: Only part of a ReadProcessMemory or WriteProcessMemory request was completed. (0x12B)
[0409/000140.214:ERROR:process_memory_win.cc(73)] ReadMemory at 0x1fe7391d5c0 of 64 bytes failed: Only part of a ReadProcessMemory or WriteProcessMemory request was completed. (0x12B)
[0409/000140.214:ERROR:process_memory_win.cc(73)] ReadMemory at 0x1fe7391d7a0 of 64 bytes failed: Only part of a ReadProcessMemory or WriteProcessMemory request was completed. (0x12B)
[0409/000140.214:ERROR:process_memory_win.cc(73)] ReadMemory at 0x1fe7391e110 of 80 bytes failed: Only part of a ReadProcessMemory or WriteProcessMemory request was completed. (0x12B)
[0409/000140.215:ERROR:process_memory_win.cc(73)] ReadMemory at 0x1fe7391e170 of 76 bytes failed: Only part of a ReadProcessMemory or WriteProcessMemory request was completed. (0x12B)
[0409/000140.215:ERROR:process_memory_win.cc(73)] ReadMemory at 0x1fe7391e8e0 of 62 bytes failed: Only part of a ReadProcessMemory or WriteProcessMemory request was completed. (0x12B)
[0409/000140.215:ERROR:process_memory_win.cc(73)] ReadMemory at 0x1fe7391e930 of 66 bytes failed: Only part of a ReadProcessMemory or WriteProcessMemory request was completed. (0x12B)
[0409/000140.215:ERROR:process_memory_win.cc(73)] ReadMemory at 0x1fe7391eac0 of 62 bytes failed: Only part of a ReadProcessMemory or WriteProcessMemory request was completed. (0x12B)
[0409/000140.215:ERROR:process_memory_win.cc(73)] ReadMemory at 0x1fe7391ebb0 of 62 bytes failed: Only part of a ReadProcessMemory or WriteProcessMemory request was completed. (0x12B)
[0409/000140.215:ERROR:process_memory_win.cc(73)] ReadMemory at 0x1fe7391ec00 of 64 bytes failed: Only part of a ReadProcessMemory or WriteProcessMemory request was completed. (0x12B)
[0409/000140.215:ERROR:process_memory_win.cc(73)] ReadMemory at 0x1fe7391eca0 of 62 bytes failed: Only part of a ReadProcessMemory or WriteProcessMemory request was completed. (0x12B)
[0409/000140.215:ERROR:process_memory_win.cc(73)] ReadMemory at 0x1fe7391ed90 of 60 bytes failed: Only part of a ReadProcessMemory or WriteProcessMemory request was completed. (0x12B)
[0409/000140.215:ERROR:process_memory_win.cc(73)] ReadMemory at 0x1fe7391ede0 of 64 bytes failed: Only part of a ReadProcessMemory or WriteProcessMemory request was completed. (0x12B)
[0409/000140.216:ERROR:process_memory_win.cc(73)] ReadMemory at 0x1fe7391ee30 of 60 bytes failed: Only part of a ReadProcessMemory or WriteProcessMemory request was completed. (0x12B)
[0409/000140.216:ERROR:process_memory_win.cc(73)] ReadMemory at 0x1fe7391ee80 of 60 bytes failed: Only part of a ReadProcessMemory or WriteProcessMemory request was completed. (0x12B)
[0409/000140.216:ERROR:process_memory_win.cc(73)] ReadMemory at 0x1fe7391eed0 of 62 bytes failed: Only part of a ReadProcessMemory or WriteProcessMemory request was completed. (0x12B)
[0409/000140.216:ERROR:process_memory_win.cc(73)] ReadMemory at 0x1fe7391ef20 of 58 bytes failed: Only part of a ReadProcessMemory or WriteProcessMemory request was completed. (0x12B)
[0409/000140.216:ERROR:process_memory_win.cc(73)] ReadMemory at 0x1fe7391efc0 of 60 bytes failed: Only part of a ReadProcessMemory or WriteProcessMemory request was completed. (0x12B)
[0409/000140.216:ERROR:process_memory_win.cc(73)] ReadMemory at 0x1fe7391f1a0 of 62 bytes failed: Only part of a ReadProcessMemory or WriteProcessMemory request was completed. (0x12B)
[0409/000140.216:ERROR:process_memory_win.cc(73)] ReadMemory at 0x1fe7391f3d0 of 64 bytes failed: Only part of a ReadProcessMemory or WriteProcessMemory request was completed. (0x12B)
[0409/000140.216:ERROR:process_memory_win.cc(73)] ReadMemory at 0x1fe7391f510 of 62 bytes failed: Only part of a ReadProcessMemory or WriteProcessMemory request was completed. (0x12B)
[0409/000140.216:ERROR:process_memory_win.cc(73)] ReadMemory at 0x1fe7391f600 of 62 bytes failed: Only part of a ReadProcessMemory or WriteProcessMemory request was completed. (0x12B)
[0409/000140.216:ERROR:process_memory_win.cc(73)] ReadMemory at 0x1fe7391f6a0 of 64 bytes failed: Only part of a ReadProcessMemory or WriteProcessMemory request was completed. (0x12B)
[0409/000140.216:ERROR:process_memory_win.cc(73)] ReadMemory at 0x1fe73921460 of 132 bytes failed: Only part of a ReadProcessMemory or WriteProcessMemory request was completed. (0x12B)
[0409/000140.217:ERROR:process_memory_win.cc(73)] ReadMemory at 0x1fe73922670 of 132 bytes failed: Only part of a ReadProcessMemory or WriteProcessMemory request was completed. (0x12B)
[0409/000140.217:ERROR:process_memory_win.cc(73)] ReadMemory at 0x1fe73923510 of 54 bytes failed: Only part of a ReadProcessMemory or WriteProcessMemory request was completed. (0x12B)
[0409/000140.217:ERROR:process_memory_win.cc(73)] ReadMemory at 0x1fe73924480 of 132 bytes failed: Only part of a ReadProcessMemory or WriteProcessMemory request was completed. (0x12B)
[0409/000140.217:ERROR:process_memory_win.cc(73)] ReadMemory at 0x1fe739247a0 of 132 bytes failed: Only part of a ReadProcessMemory or WriteProcessMemory request was completed. (0x12B)
[0409/000140.217:ERROR:process_memory_win.cc(73)] ReadMemory at 0x1fe739249c0 of 132 bytes failed: Only part of a ReadProcessMemory or WriteProcessMemory request was completed. (0x12B)
[0409/000140.217:ERROR:process_memory_win.cc(73)] ReadMemory at 0x1fe73924d20 of 132 bytes failed: Only part of a ReadProcessMemory or WriteProcessMemory request was completed. (0x12B)
[0409/000140.217:ERROR:process_memory_win.cc(73)] ReadMemory at 0x1fe73924f30 of 132 bytes failed: Only part of a ReadProcessMemory or WriteProcessMemory request was completed. (0x12B)
[0409/000140.217:ERROR:process_memory_win.cc(73)] ReadMemory at 0x1fe73925bf0 of 132 bytes failed: Only part of a ReadProcessMemory or WriteProcessMemory request was completed. (0x12B)
[0409/000140.217:ERROR:process_memory_win.cc(73)] ReadMemory at 0x1fe73928a20 of 132 bytes failed: Only part of a ReadProcessMemory or WriteProcessMemory request was completed. (0x12B)
[0409/000140.218:ERROR:process_memory_win.cc(73)] ReadMemory at 0x1fe73928c80 of 132 bytes failed: Only part of a ReadProcessMemory or WriteProcessMemory request was completed. (0x12B)
[0409/000140.218:ERROR:process_memory_win.cc(73)] ReadMemory at 0x1fe73928db0 of 132 bytes failed: Only part of a ReadProcessMemory or WriteProcessMemory request was completed. (0x12B)
[0409/000140.218:ERROR:process_memory_win.cc(73)] ReadMemory at 0x1fe73928ee0 of 132 bytes failed: Only part of a ReadProcessMemory or WriteProcessMemory request was completed. (0x12B)
[0409/000140.218:ERROR:process_memory_win.cc(73)] ReadMemory at 0x1fe73929010 of 132 bytes failed: Only part of a ReadProcessMemory or WriteProcessMemory request was completed. (0x12B)
[0409/000140.218:ERROR:process_memory_win.cc(73)] ReadMemory at 0x1fe73929140 of 132 bytes failed: Only part of a ReadProcessMemory or WriteProcessMemory request was completed. (0x12B)
[0409/000140.218:ERROR:process_memory_win.cc(73)] ReadMemory at 0x1fe73929270 of 132 bytes failed: Only part of a ReadProcessMemory or WriteProcessMemory request was completed. (0x12B)
[0409/000140.218:ERROR:process_memory_win.cc(73)] ReadMemory at 0x1fe739293a0 of 132 bytes failed: Only part of a ReadProcessMemory or WriteProcessMemory request was completed. (0x12B)
[0409/000140.218:ERROR:process_memory_win.cc(73)] ReadMemory at 0x1fe739294d0 of 132 bytes failed: Only part of a ReadProcessMemory or WriteProcessMemory request was completed. (0x12B)
[0409/000140.218:ERROR:process_memory_win.cc(73)] ReadMemory at 0x1fe73929600 of 132 bytes failed: Only part of a ReadProcessMemory or WriteProcessMemory request was completed. (0x12B)
[0409/000140.219:ERROR:process_memory_win.cc(73)] ReadMemory at 0x1fe73929730 of 132 bytes failed: Only part of a ReadProcessMemory or WriteProcessMemory request was completed. (0x12B)
[0409/000140.219:ERROR:process_memory_win.cc(73)] ReadMemory at 0x1fe73929860 of 132 bytes failed: Only part of a ReadProcessMemory or WriteProcessMemory request was completed. (0x12B)
[0409/000140.219:ERROR:process_memory_win.cc(73)] ReadMemory at 0x1fe7392a2f0 of 132 bytes failed: Only part of a ReadProcessMemory or WriteProcessMemory request was completed. (0x12B)
[0409/000140.219:ERROR:process_memory_win.cc(73)] ReadMemory at 0x1fe7392a420 of 132 bytes failed: Only part of a ReadProcessMemory or WriteProcessMemory request was completed. (0x12B)
[0409/000140.219:ERROR:process_memory_win.cc(73)] ReadMemory at 0x1fe7392ab40 of 132 bytes failed: Only part of a ReadProcessMemory or WriteProcessMemory request was completed. (0x12B)
[0409/000140.219:ERROR:process_memory_win.cc(73)] ReadMemory at 0x1fe7392b000 of 132 bytes failed: Only part of a ReadProcessMemory or WriteProcessMemory request was completed. (0x12B)
[0409/000140.219:ERROR:process_memory_win.cc(73)] ReadMemory at 0x1fe7392b130 of 132 bytes failed: Only part of a ReadProcessMemory or WriteProcessMemory request was completed. (0x12B)
[0409/000140.219:ERROR:process_memory_win.cc(73)] ReadMemory at 0x1fe7392b260 of 132 bytes failed: Only part of a ReadProcessMemory or WriteProcessMemory request was completed. (0x12B)
[0409/000140.219:ERROR:process_memory_win.cc(73)] ReadMemory at 0x1fe7392b850 of 132 bytes failed: Only part of a ReadProcessMemory or WriteProcessMemory request was completed. (0x12B)
[0409/000140.220:ERROR:process_memory_win.cc(73)] ReadMemory at 0x1fe7392b980 of 132 bytes failed: Only part of a ReadProcessMemory or WriteProcessMemory request was completed. (0x12B)
[0409/000140.220:ERROR:process_memory_win.cc(73)] ReadMemory at 0x1fe7392bab0 of 132 bytes failed: Only part of a ReadProcessMemory or WriteProcessMemory request was completed. (0x12B)
[0409/000140.220:ERROR:process_memory_win.cc(73)] ReadMemory at 0x1fe7392bbe0 of 132 bytes failed: Only part of a ReadProcessMemory or WriteProcessMemory request was completed. (0x12B)
[0409/000140.220:ERROR:process_memory_win.cc(73)] ReadMemory at 0x1fe739413e0 of 512 bytes failed: Only part of a ReadProcessMemory or WriteProcessMemory request was completed. (0x12B)
[0409/000140.220:ERROR:process_memory_win.cc(73)] ReadMemory at 0x1fe73942340 of 512 bytes failed: Only part of a ReadProcessMemory or WriteProcessMemory request was completed. (0x12B)
[0409/000140.220:ERROR:process_memory_win.cc(73)] ReadMemory at 0x1fe73d578b0 of 512 bytes failed: Only part of a ReadProcessMemory or WriteProcessMemory request was completed. (0x12B)
[0409/000140.220:ERROR:process_memory_win.cc(73)] ReadMemory at 0x1fe73d57c70 of 512 bytes failed: Only part of a ReadProcessMemory or WriteProcessMemory request was completed. (0x12B)
[0409/000140.220:ERROR:process_memory_win.cc(73)] ReadMemory at 0x1fe73d62f40 of 512 bytes failed: Only part of a ReadProcessMemory or WriteProcessMemory request was completed. (0x12B)
[0409/000140.221:ERROR:process_memory_win.cc(73)] ReadMemory at 0x1fe73d651f0 of 512 bytes failed: Only part of a ReadProcessMemory or WriteProcessMemory request was completed. (0x12B)
[0409/000140.221:ERROR:process_memory_win.cc(73)] ReadMemory at 0x1fe73d88fb0 of 512 bytes failed: Only part of a ReadProcessMemory or WriteProcessMemory request was completed. (0x12B)
[0409/000140.221:ERROR:process_memory_win.cc(73)] ReadMemory at 0x1fe73d91610 of 712 bytes failed: Only part of a ReadProcessMemory or WriteProcessMemory request was completed. (0x12B)
[0409/000140.221:ERROR:process_memory_win.cc(73)] ReadMemory at 0x1fe73daa220 of 512 bytes failed: Only part of a ReadProcessMemory or WriteProcessMemory request was completed. (0x12B)
[0409/000140.221:ERROR:process_memory_win.cc(73)] ReadMemory at 0x1fe73db1a18 of 512 bytes failed: Only part of a ReadProcessMemory or WriteProcessMemory request was completed. (0x12B)
[0409/000140.221:ERROR:process_memory_win.cc(73)] ReadMemory at 0x1fe73db35e8 of 512 bytes failed: Only part of a ReadProcessMemory or WriteProcessMemory request was completed. (0x12B)
[0409/000140.221:ERROR:process_memory_win.cc(73)] ReadMemory at 0x1fe73db39d8 of 512 bytes failed: Only part of a ReadProcessMemory or WriteProcessMemory request was completed. (0x12B)
[0409/000140.221:ERROR:process_memory_win.cc(73)] ReadMemory at 0x1fe73db3c18 of 512 bytes failed: Only part of a ReadProcessMemory or WriteProcessMemory request was completed. (0x12B)
[0409/000140.222:ERROR:process_memory_win.cc(73)] ReadMemory at 0x1fe73dd6260 of 512 bytes failed: Only part of a ReadProcessMemory or WriteProcessMemory request was completed. (0x12B)
[0409/000140.222:ERROR:process_memory_win.cc(73)] ReadMemory at 0x1fe75d6db90 of 512 bytes failed: Only part of a ReadProcessMemory or WriteProcessMemory request was completed. (0x12B)
[0409/000140.222:ERROR:process_memory_win.cc(73)] ReadMemory at 0x1fe75d6e630 of 512 bytes failed: Only part of a ReadProcessMemory or WriteProcessMemory request was completed. (0x12B)
[0409/000140.222:ERROR:process_memory_win.cc(73)] ReadMemory at 0x1fe75d7b540 of 512 bytes failed: Only part of a ReadProcessMemory or WriteProcessMemory request was completed. (0x12B)
[0409/000140.222:ERROR:process_memory_win.cc(73)] ReadMemory at 0x7ffe129f12c8 of 512 bytes failed: Only part of a ReadProcessMemory or WriteProcessMemory request was completed. (0x12B)
[0409/000140.222:ERROR:process_memory_win.cc(73)] ReadMemory at 0x7ffe12d7038c of 512 bytes failed: Only part of a ReadProcessMemory or WriteProcessMemory request was completed. (0x12B)
[0409/000140.222:ERROR:process_memory_win.cc(73)] ReadMemory at 0x7ffe1341e7ee of 553 bytes failed: Only part of a ReadProcessMemory or WriteProcessMemory request was completed. (0x12B)
[0409/000140.222:ERROR:process_memory_win.cc(73)] ReadMemory at 0x7ffe16dfcf3b of 512 bytes failed: Only part of a ReadProcessMemory or WriteProcessMemory request was completed. (0x12B)
[0409/000140.222:ERROR:process_memory_win.cc(73)] ReadMemory at 0x7ffe631fb720 of 512 bytes failed: Only part of a ReadProcessMemory or WriteProcessMemory request was completed. (0x12B)
[0409/000140.223:ERROR:process_memory_win.cc(73)] ReadMemory at 0x7ffe6531c0c4 of 672 bytes failed: Only part of a ReadProcessMemory or WriteProcessMemory request was completed. (0x12B)
[0409/000140.223:ERROR:process_memory_win.cc(73)] ReadMemory at 0x7ffe6531c6c4 of 512 bytes failed: Only part of a ReadProcessMemory or WriteProcessMemory request was completed. (0x12B)
[0409/000140.223:ERROR:process_memory_win.cc(73)] ReadMemory at 0x7ffe6531f974 of 608 bytes failed: Only part of a ReadProcessMemory or WriteProcessMemory request was completed. (0x12B)
[0409/000140.223:ERROR:process_memory_win.cc(73)] ReadMemory at 0x7ffe653ac428 of 18 bytes failed: Only part of a ReadProcessMemory or WriteProcessMemory request was completed. (0x12B)
[0409/000140.223:ERROR:process_memory_win.cc(73)] ReadMemory at 0x7ffe653df4f8 of 40 bytes failed: Only part of a ReadProcessMemory or WriteProcessMemory request was completed. (0x12B)
[0409/000140.223:ERROR:process_memory_win.cc(73)] ReadMemory at 0x7ffe653df978 of 48 bytes failed: Only part of a ReadProcessMemory or WriteProcessMemory request was completed. (0x12B)
[0409/000140.223:ERROR:process_memory_win.cc(73)] ReadMemory at 0x7ffe653e53c0 of 64 bytes failed: Only part of a ReadProcessMemory or WriteProcessMemory request was completed. (0x12B)
[0409/000140.313:ERROR:scoped_process_suspend.cc(40)] NtResumeProcess: An attempt was made to access an exiting process. (0xc000010a)
[0419/064300.979:ERROR:file_io.cc(134)] WriteFile: The pipe is being closed. (0xE8)
[0419/070351.397:ERROR:http_transport_win.cc(276)] WinHttpSendRequest: The operation completed successfully. (0x0)
[0424/225343.482:ERROR:file_io.cc(89)] ReadExactly: expected 36, observed 0
